c:\users\tksmd\onedrive\바탕 화면\202235201_강민형_final\202235201_강민형_final\x64\debug\vc143.pdb
c:\users\tksmd\onedrive\바탕 화면\202235201_강민형_final\202235201_강민형_final\x64\debug\vc143.idb
c:\users\tksmd\onedrive\바탕 화면\202235201_강민형_final\202235201_강민형_final\x64\debug\triangle.obj
c:\users\tksmd\onedrive\바탕 화면\202235201_강민형_final\202235201_강민형_final\x64\debug\rectangle.obj
c:\users\tksmd\onedrive\바탕 화면\202235201_강민형_final\202235201_강민형_final\x64\debug\figure.obj
c:\users\tksmd\onedrive\바탕 화면\202235201_강민형_final\202235201_강민형_final\x64\debug\circle.obj
c:\users\tksmd\onedrive\바탕 화면\202235201_강민형_final\202235201_강민형_final\x64\debug\main.obj
c:\users\tksmd\onedrive\바탕 화면\202235201_강민형_final\x64\debug\202235201_강민형_final.pdb
c:\users\tksmd\onedrive\바탕 화면\202235201_강민형_final\202235201_강민형_final\x64\debug\20223520.9d8a0141.tlog\cl.command.1.tlog
c:\users\tksmd\onedrive\바탕 화면\202235201_강민형_final\202235201_강민형_final\x64\debug\20223520.9d8a0141.tlog\cl.read.1.tlog
c:\users\tksmd\onedrive\바탕 화면\202235201_강민형_final\202235201_강민형_final\x64\debug\20223520.9d8a0141.tlog\cl.write.1.tlog
c:\users\tksmd\onedrive\바탕 화면\202235201_강민형_final\202235201_강민형_final\x64\debug\20223520.9d8a0141.tlog\link-cvtres.read.1.tlog
c:\users\tksmd\onedrive\바탕 화면\202235201_강민형_final\202235201_강민형_final\x64\debug\20223520.9d8a0141.tlog\link-cvtres.write.1.tlog
c:\users\tksmd\onedrive\바탕 화면\202235201_강민형_final\202235201_강민형_final\x64\debug\20223520.9d8a0141.tlog\link-rc.read.1.tlog
c:\users\tksmd\onedrive\바탕 화면\202235201_강민형_final\202235201_강민형_final\x64\debug\20223520.9d8a0141.tlog\link-rc.write.1.tlog
c:\users\tksmd\onedrive\바탕 화면\202235201_강민형_final\202235201_강민형_final\x64\debug\20223520.9d8a0141.tlog\link.14832-cvtres.read.1.tlog
c:\users\tksmd\onedrive\바탕 화면\202235201_강민형_final\202235201_강민형_final\x64\debug\20223520.9d8a0141.tlog\link.14832-cvtres.write.1.tlog
c:\users\tksmd\onedrive\바탕 화면\202235201_강민형_final\202235201_강민형_final\x64\debug\20223520.9d8a0141.tlog\link.14832-rc.read.1.tlog
c:\users\tksmd\onedrive\바탕 화면\202235201_강민형_final\202235201_강민형_final\x64\debug\20223520.9d8a0141.tlog\link.14832-rc.write.1.tlog
c:\users\tksmd\onedrive\바탕 화면\202235201_강민형_final\202235201_강민형_final\x64\debug\20223520.9d8a0141.tlog\link.14832.read.1.tlog
c:\users\tksmd\onedrive\바탕 화면\202235201_강민형_final\202235201_강민형_final\x64\debug\20223520.9d8a0141.tlog\link.14832.read.2.tlog
c:\users\tksmd\onedrive\바탕 화면\202235201_강민형_final\202235201_강민형_final\x64\debug\20223520.9d8a0141.tlog\link.14832.write.1.tlog
c:\users\tksmd\onedrive\바탕 화면\202235201_강민형_final\202235201_강민형_final\x64\debug\20223520.9d8a0141.tlog\link.command.1.tlog
c:\users\tksmd\onedrive\바탕 화면\202235201_강민형_final\202235201_강민형_final\x64\debug\20223520.9d8a0141.tlog\link.read.1.tlog
c:\users\tksmd\onedrive\바탕 화면\202235201_강민형_final\202235201_강민형_final\x64\debug\20223520.9d8a0141.tlog\link.read.2.tlog
c:\users\tksmd\onedrive\바탕 화면\202235201_강민형_final\202235201_강민형_final\x64\debug\20223520.9d8a0141.tlog\link.write.1.tlog
